
-----
Test: tests/test_google_maps_api.py::Test_create_place::test_create_new_place (call)
Time: 2023-03-04 15:17:20.390520
Request method: POST
Request URL: https://rahulshettyacademy.com/maps/api/place/add/json?key=qaclick123

Response code: 200
Response text: {"status":"OK","place_id":"4ec4f18d02b94e7d379df63071e2b2b3","scope":"APP","reference":"c9cc3a5f0a79eda9f43b208c9c898e2ac9cc3a5f0a79eda9f43b208c9c898e2a","id":"c9cc3a5f0a79eda9f43b208c9c898e2a"}
Response headers: {'Date': 'Sat, 04 Mar 2023 13:17:18 GMT', 'Server': 'Apache/2.4.41 (Ubuntu)', 'Access-Control-Allow-Origin': '*', 'Access-Control-Allow-Methods': 'POST', 'Access-Control-Max-Age': '3600', 'Access-Control-Allow-Headers': 'Content-Type, Access-Control-Allow-Headers, Authorization, X-Requested-With', 'Content-Length': '194', 'Keep-Alive': 'timeout=5, max=100', 'Connection': 'Keep-Alive', 'Content-Type': 'application/json;charset=UTF-8'}
Response cookies: {}

-----

-----
Test: tests/test_google_maps_api.py::Test_create_place::test_create_new_place (call)
Time: 2023-03-04 15:17:20.977706
Request method: GET
Request URL: https://rahulshettyacademy.com/maps/api/place/get/json?key=qaclick123&place_id=4ec4f18d02b94e7d379df63071e2b2b3

Response code: 200
Response text: {"location":{"latitude":"-38.383494","longitude":"33.427362"},"accuracy":"50","name":"Frontline house","phone_number":"(+91) 983 893 3937","address":"29, side layout, cohen 09","types":"shoe park,shop","website":"http:\/\/google.com","language":"French-IN"}
Response headers: {'Date': 'Sat, 04 Mar 2023 13:17:18 GMT', 'Server': 'Apache/2.4.41 (Ubuntu)', 'Access-Control-Allow-Origin': '*', 'Access-Control-Allow-Methods': 'POST', 'Access-Control-Max-Age': '3600', 'Access-Control-Allow-Headers': 'Content-Type, Access-Control-Allow-Headers, Authorization, X-Requested-With', 'Content-Length': '257', 'Keep-Alive': 'timeout=5, max=100', 'Connection': 'Keep-Alive', 'Content-Type': 'application/json;charset=UTF-8'}
Response cookies: {}

-----

-----
Test: tests/test_google_maps_api.py::Test_create_place::test_create_new_place (call)
Time: 2023-03-04 15:17:22.068397
Request method: PUT
Request URL: https://rahulshettyacademy.com/maps/api/place/update/json?key=qaclick123

Response code: 200
Response text: {"msg":"Address successfully updated"}
Response headers: {'Date': 'Sat, 04 Mar 2023 13:17:19 GMT', 'Server': 'Apache/2.4.41 (Ubuntu)', 'Access-Control-Allow-Origin': '*', 'Access-Control-Allow-Methods': 'POST', 'Access-Control-Max-Age': '3600', 'Access-Control-Allow-Headers': 'Content-Type, Access-Control-Allow-Headers, Authorization, X-Requested-With', 'Content-Length': '38', 'Keep-Alive': 'timeout=5, max=100', 'Connection': 'Keep-Alive', 'Content-Type': 'application/json;charset=UTF-8'}
Response cookies: {}

-----

-----
Test: tests/test_google_maps_api.py::Test_create_place::test_create_new_place (call)
Time: 2023-03-04 15:17:23.289131
Request method: GET
Request URL: https://rahulshettyacademy.com/maps/api/place/get/json?key=qaclick123&place_id=4ec4f18d02b94e7d379df63071e2b2b3

Response code: 200
Response text: {"location":{"latitude":"-38.383494","longitude":"33.427362"},"accuracy":"50","name":"Frontline house","phone_number":"(+91) 983 893 3937","address":"Kyiv Bylvarno-kydravskay 17B, UA","types":"shoe park,shop","website":"http:\/\/google.com","language":"French-IN"}
Response headers: {'Date': 'Sat, 04 Mar 2023 13:17:21 GMT', 'Server': 'Apache/2.4.41 (Ubuntu)', 'Access-Control-Allow-Origin': '*', 'Access-Control-Allow-Methods': 'POST', 'Access-Control-Max-Age': '3600', 'Access-Control-Allow-Headers': 'Content-Type, Access-Control-Allow-Headers, Authorization, X-Requested-With', 'Content-Length': '264', 'Keep-Alive': 'timeout=5, max=100', 'Connection': 'Keep-Alive', 'Content-Type': 'application/json;charset=UTF-8'}
Response cookies: {}

-----

-----
Test: tests/test_google_maps_api.py::Test_create_place::test_create_new_place (call)
Time: 2023-03-04 15:17:24.223866
Request method: DELETE
Request URL: https://rahulshettyacademy.com/maps/api/place/delete/json?key=qaclick123

Response code: 200
Response text: {"status":"OK"}
Response headers: {'Date': 'Sat, 04 Mar 2023 13:17:22 GMT', 'Server': 'Apache/2.4.41 (Ubuntu)', 'Access-Control-Allow-Origin': '*', 'Access-Control-Allow-Methods': 'POST', 'Access-Control-Max-Age': '3600', 'Access-Control-Allow-Headers': 'Content-Type, Access-Control-Allow-Headers, Authorization, X-Requested-With', 'Content-Length': '15', 'Keep-Alive': 'timeout=5, max=100', 'Connection': 'Keep-Alive', 'Content-Type': 'application/json;charset=UTF-8'}
Response cookies: {}

-----

-----
Test: tests/test_google_maps_api.py::Test_create_place::test_create_new_place (call)
Time: 2023-03-04 15:17:25.432021
Request method: GET
Request URL: https://rahulshettyacademy.com/maps/api/place/get/json?key=qaclick123&place_id=4ec4f18d02b94e7d379df63071e2b2b3

Response code: 404
Response text: {"msg":"Get operation failed, looks like place_id  doesn't exists"}
Response headers: {'Date': 'Sat, 04 Mar 2023 13:17:23 GMT', 'Server': 'Apache/2.4.41 (Ubuntu)', 'Access-Control-Allow-Origin': '*', 'Access-Control-Allow-Methods': 'POST', 'Access-Control-Max-Age': '3600', 'Access-Control-Allow-Headers': 'Content-Type, Access-Control-Allow-Headers, Authorization, X-Requested-With', 'Content-Length': '67', 'Keep-Alive': 'timeout=5, max=100', 'Connection': 'Keep-Alive', 'Content-Type': 'application/json;charset=UTF-8'}
Response cookies: {}

-----

-----
Test: tests/test_google_maps_api.py::Test_create_place::test_create_new_place (call)
Time: 2023-03-04 15:17:26.364697
Request method: DELETE
Request URL: https://rahulshettyacademy.com/maps/api/place/delete/json?key=qaclick123

Response code: 404
Response text: {"msg":"Delete operation failed, looks like the data doesn't exists"}
Response headers: {'Date': 'Sat, 04 Mar 2023 13:17:24 GMT', 'Server': 'Apache/2.4.41 (Ubuntu)', 'Access-Control-Allow-Origin': '*', 'Access-Control-Allow-Methods': 'POST', 'Access-Control-Max-Age': '3600', 'Access-Control-Allow-Headers': 'Content-Type, Access-Control-Allow-Headers, Authorization, X-Requested-With', 'Content-Length': '69', 'Keep-Alive': 'timeout=5, max=100', 'Connection': 'Keep-Alive', 'Content-Type': 'application/json;charset=UTF-8'}
Response cookies: {}

-----
